<?xml version="1.0" encoding="UTF-8" ?>
<testsuite failures="0" time="0.657" errors="0" skipped="0" tests="10" name="il.technion.ewolf.kbr.openkad.net.MessageDispatcherTest">
  <properties>
[...]
</properties>
  <testcase time="0.219" classname="il.technion.ewolf.kbr.openkad.net.MessageDispatcherTest" name="itShouldWaitUntilHandleWasInvokedWhenSendAndWait"/>
  <testcase time="0.008" classname="il.technion.ewolf.kbr.openkad.net.MessageDispatcherTest" name="itShouldRemoveItselfFromOutstandingRequestsAndExpectersWhenDone"/>
  <testcase time="0.002" classname="il.technion.ewolf.kbr.openkad.net.MessageDispatcherTest" name="itShouldInsertItselfToOutstandingRequestsWhenSent"/>
  <testcase time="0.002" classname="il.technion.ewolf.kbr.openkad.net.MessageDispatcherTest" name="itShouldInvokeCallbackAfterHandle"/>
  <testcase time="0.002" classname="il.technion.ewolf.kbr.openkad.net.MessageDispatcherTest" name="itShouldWaitUntilMessageIsRecvedWhenExpecting"/>
  <testcase time="0.104" classname="il.technion.ewolf.kbr.openkad.net.MessageDispatcherTest" name="itShouldTimedoutWhenSendAndWait"/>
  <testcase time="0.104" classname="il.technion.ewolf.kbr.openkad.net.MessageDispatcherTest" name="itShouldTimedoutWhenExpectingAndWaiting"/>
  <testcase time="0.003" classname="il.technion.ewolf.kbr.openkad.net.MessageDispatcherTest" name="itShouldRemoveIteselfFromExpectersWhenConsumableAndRegistered"/>
  <testcase time="0.203" classname="il.technion.ewolf.kbr.openkad.net.MessageDispatcherTest" name="itShouldTimedoutAfterSendWithoutHandle"/>
  <testcase time="0.003" classname="il.technion.ewolf.kbr.openkad.net.MessageDispatcherTest" name="itShouldNotRemoveItselfFromExpectersWhenNonConsumableAndRegistered"/>
</testsuite>